<?xml version="1.0" encoding="UTF-8"?>
<!-- Generated by org.testng.reporters.JUnitReportReporter -->
<testsuite skipped="0" hostname="DESKTOP-629CAOF" name="Testing.T1" tests="3" failures="0" timestamp="20 Feb 2019 15:58:51 GMT" time="0.020" errors="0">
  <testcase name="m3" time="0.000" classname="Testing.T1"/>
  <testcase name="m1" time="0.017" classname="Testing.T1"/>
  <testcase name="m2" time="0.003" classname="Testing.T1"/>
</testsuite> <!-- Testing.T1 -->
