<?xml version="1.0" encoding="UTF-8"?>
<!-- Generated by org.testng.reporters.JUnitReportReporter -->
<testsuite skipped="0" hostname="DESKTOP-629CAOF" name="Testing2.T2" tests="3" failures="0" timestamp="20 Feb 2019 15:58:51 GMT" time="0.009" errors="0">
  <testcase name="m6" time="0.007" classname="Testing2.T2"/>
  <testcase name="m4" time="0.002" classname="Testing2.T2"/>
  <testcase name="m5" time="0.000" classname="Testing2.T2"/>
</testsuite> <!-- Testing2.T2 -->
